{"numTotalTestSuites":26,"numPassedTestSuites":26,"numFailedTestSuites":0,"numPendingTestSuites":0,"numTotalTests":194,"numPassedTests":194,"numFailedTests":0,"numPendingTests":0,"numTodoTests":0,"snapshot":{"added":0,"failure":false,"filesAdded":0,"filesRemoved":0,"filesRemovedList":[],"filesUnmatched":0,"filesUpdated":0,"matched":0,"total":0,"unchecked":0,"uncheckedKeysByFile":[],"unmatched":0,"updated":0,"didUpdate":false},"startTime":1787587570392,"success":true,"testResults":[{"assertionResults":[{"ancestorTitles":["cooked batch client history"],"fullName":"cooked batch client history keeps server order while suppressing only overlapping batch ids","status":"passed","title":"keeps server order while suppressing only overlapping batch ids","duration":1.4832499999999982,"failureMessages":[],"meta":{},"tags":[]},{"ancestorTitles":["cooked batch client history"],"fullName":"cooked batch client history reuses an idempotency key only for the same canonical payload","status":"passed","title":"reuses an idempotency key only for the same canonical payload","duration":10.258125000000007,"failureMessages":[],"meta":{},"tags":[]},{"ancestorTitles":["cooked batch client history"],"fullName":"cooked batch client history consumes the exact all-availability cursor container without decoding it","status":"passed","title":"consumes the exact all-availability cursor container without decoding it","duration":12.473041999999992,"failureMessages":[],"meta":{},"tags":[]},{"ancestorTitles":["cooked batch client history"],"fullName":"cooked batch client history sends exact discard fields and the supplied replay key","status":"passed","title":"sends exact discard fields and the supplied replay key","duration":0.746625000000023,"failureMessages":[],"meta":{},"tags":[]}],"startTime":1787587571317,"endTime":1787587571342.7466,"status":"passed","message":"","name":"/private/tmp/homecook-cml14-stage4.fqsXDJ/tests/cooked-batch-weight-ui-history.test.tsx"},{"assertionResults":[{"ancestorTitles":["cooked batch food-only completion"],"fullName":"cooked batch food-only completion keeps tare inputs local and submits only the positive food-only result","status":"passed","title":"keeps tare inputs local and submits only the positive food-only result","duration":457.05012499999987,"failureMessages":[],"meta":{},"tags":[]}],"startTime":1787587571708,"endTime":1787587572165.05,"status":"passed","message":"","name":"/private/tmp/homecook-cml14-stage4.fqsXDJ/tests/cooked-batch-weight-ui.test.tsx"},{"assertionResults":[{"ancestorTitles":["home screen"],"fullName":"home screen renders the prototype HOME sections on initial load","status":"passed","title":"renders the prototype HOME sections on initial load","duration":438.39608399999975,"failureMessages":[],"meta":{},"tags":[]},{"ancestorTitles":["home screen"],"fullName":"home screen keeps the first HOME greeting render deterministic across SSR and hydration","status":"passed","title":"keeps the first HOME greeting render deterministic across SSR and hydration","duration":20.01279199999999,"failureMessages":[],"meta":{},"tags":[]},{"ancestorTitles":["home screen"],"fullName":"home screen keeps the mobile meal greeting lighter than section titles","status":"passed","title":"keeps the mobile meal greeting lighter than section titles","duration":0.3182919999999285,"failureMessages":[],"meta":{},"tags":[]},{"ancestorTitles":["home screen"],"fullName":"home screen lets the mobile HOME view use the shared full app width","status":"passed","title":"lets the mobile HOME view use the shared full app width","duration":8.12520799999993,"failureMessages":[],"meta":{},"tags":[]},{"ancestorTitles":["home screen"],"fullName":"home screen reserves mobile loading rail heights to avoid Lighthouse layout shift","status":"passed","title":"reserves mobile loading rail heights to avoid Lighthouse layout shift","duration":0.4257910000001175,"failureMessages":[],"meta":{},"tags":[]},{"ancestorTitles":["home screen"],"fullName":"home screen styles the mobile recommended theme rail as a distinct full-width section","status":"passed","title":"styles the mobile recommended theme rail as a distinct full-width section","duration":0.3921660000000884,"failureMessages":[],"meta":{},"tags":[]},{"ancestorTitles":["home screen"],"fullName":"home screen makes the web weekly theme cards large enough to read in the side rail","status":"passed","title":"makes the web weekly theme cards large enough to read in the side rail","duration":0.5704999999998108,"failureMessages":[],"meta":{},"tags":[]},{"ancestorTitles":["home screen"],"fullName":"home screen moves the web recommended tags and weekly themes up beside the search row","status":"passed","title":"moves the web recommended tags and weekly themes up beside the search row","duration":72.13425000000007,"failureMessages":[],"meta":{},"tags":[]},{"ancestorTitles":["home screen"],"fullName":"home screen keeps the mobile search controls sticky under the app bar","status":"passed","title":"keeps the mobile search controls sticky under the app bar","duration":0.7575000000001637,"failureMessages":[],"meta":{},"tags":[]},{"ancestorTitles":["home screen"],"fullName":"home screen groups the mobile tag filters with the sticky search surface","status":"passed","title":"groups the mobile tag filters with the sticky search surface","duration":73.97245799999973,"failureMessages":[],"meta":{},"tags":[]},{"ancestorTitles":["home screen"],"fullName":"home screen adds left breathing room to web recipe card titles and metrics","status":"passed","title":"adds left breathing room to web recipe card titles and metrics","duration":0.3544170000000122,"failureMessages":[],"meta":{},"tags":[]},{"ancestorTitles":["home screen"],"fullName":"home screen summarizes web HOME tags instead of clipping a long tag chip","status":"passed","title":"summarizes web HOME tags instead of clipping a long tag chip","duration":26.93395899999996,"failureMessages":[],"meta":{},"tags":[]},{"ancestorTitles":["home screen"],"fullName":"home screen reserves enough room for the web HOME +N tag summary on compact cards","status":"passed","title":"reserves enough room for the web HOME +N tag summary on compact cards","duration":24.110000000000127,"failureMessages":[],"meta":{},"tags":[]},{"ancestorTitles":["home screen"],"fullName":"home screen loads the next recipe page from the home list cursor","status":"passed","title":"loads the next recipe page from the home list cursor","duration":139.82791700000007,"failureMessages":[],"meta":{},"tags":[]},{"ancestorTitles":["home screen"],"fullName":"home screen does not show misleading +N tags on mobile recipe cards","status":"passed","title":"does not show misleading +N tags on mobile recipe cards","duration":24.922375000000102,"failureMessages":[],"meta":{},"tags":[]},{"ancestorTitles":["home screen"],"fullName":"home screen places the guide-first discovery rail before the app recipe list","status":"passed","title":"places the guide-first discovery rail before the app recipe list","duration":260.5106660000001,"failureMessages":[],"meta":{},"tags":[]},{"ancestorTitles":["home screen"],"fullName":"home screen keeps mobile recommended themes from duplicating visible tag filters","status":"passed","title":"keeps mobile recommended themes from duplicating visible tag filters","duration":163.08041699999967,"failureMessages":[],"meta":{},"tags":[]},{"ancestorTitles":["home screen"],"fullName":"home screen renders the desktop HOME discovery layout at the web breakpoint","status":"passed","title":"renders the desktop HOME discovery layout at the web breakpoint","duration":194.59420799999998,"failureMessages":[],"meta":{},"tags":[]},{"ancestorTitles":["home screen"],"fullName":"home screen shows YouTube source as a web card image badge instead of bottom meta text","status":"passed","title":"shows YouTube source as a web card image badge instead of bottom meta text","duration":21.820958000000246,"failureMessages":[],"meta":{},"tags":[]},{"ancestorTitles":["home screen"],"fullName":"home screen shows the canonical system source badge on web recipe cards","status":"passed","title":"shows the canonical system source badge on web recipe cards","duration":18.859375,"failureMessages":[],"meta":{},"tags":[]},{"ancestorTitles":["home screen"],"fullName":"home screen keeps manual web recipe cards free of a newly introduced source badge","status":"passed","title":"keeps manual web recipe cards free of a newly introduced source badge","duration":21.990792000000056,"failureMessages":[],"meta":{},"tags":[]},{"ancestorTitles":["home screen"],"fullName":"home screen keeps hydrated saved bookmarks visible after HOME reload","status":"passed","title":"keeps hydrated saved bookmarks visible after HOME reload","duration":69.19529200000034,"failureMessages":[],"meta":{},"tags":[]},{"ancestorTitles":["home screen"],"fullName":"home screen filters unsafe recipe and theme labels before rendering public discovery content","status":"passed","title":"filters unsafe recipe and theme labels before rendering public discovery content","duration":21.4418340000002,"failureMessages":[],"meta":{},"tags":[]},{"ancestorTitles":["home screen"],"fullName":"home screen moves filtered results directly under the search controls","status":"passed","title":"moves filtered results directly under the search controls","duration":366.9355419999997,"failureMessages":[],"meta":{},"tags":[]},{"ancestorTitles":["home screen"],"fullName":"home screen does not duplicate a selected tag as a separate reset row","status":"passed","title":"does not duplicate a selected tag as a separate reset row","duration":141.18258300000025,"failureMessages":[],"meta":{},"tags":[]},{"ancestorTitles":["home screen"],"fullName":"home screen removes the non-functional mobile recipe category chip rail","status":"passed","title":"removes the non-functional mobile recipe category chip rail","duration":81.21683299999995,"failureMessages":[],"meta":{},"tags":[]},{"ancestorTitles":["home screen"],"fullName":"home screen opens the ingredient modal from the more chip and applies modal filters","status":"passed","title":"opens the ingredient modal from the more chip and applies modal filters","duration":681.9249590000004,"failureMessages":[],"meta":{},"tags":[]},{"ancestorTitles":["home screen"],"fullName":"home screen keeps draft ingredients across parent rerenders and resets them after close and reopen","status":"passed","title":"keeps draft ingredients across parent rerenders and resets them after close and reopen","duration":440.61220800000046,"failureMessages":[],"meta":{},"tags":[]},{"ancestorTitles":["home screen"],"fullName":"home screen uses the narrower desktop ingredient modal with compact centered ingredient pills","status":"passed","title":"uses the narrower desktop ingredient modal with compact centered ingredient pills","duration":200.74387500000012,"failureMessages":[],"meta":{},"tags":[]},{"ancestorTitles":["home screen"],"fullName":"home screen updates the visible app recipe card view count when the recipe is opened","status":"passed","title":"updates the visible app recipe card view count when the recipe is opened","duration":160.6879170000002,"failureMessages":[],"meta":{},"tags":[]},{"ancestorTitles":["home screen"],"fullName":"home screen clears the theme filter when the active theme card is tapped again","status":"passed","title":"clears the theme filter when the active theme card is tapped again","duration":151.31979200000023,"failureMessages":[],"meta":{},"tags":[]},{"ancestorTitles":["home screen"],"fullName":"home screen loads public tag chips and applies exact Korean tag filters","status":"passed","title":"loads public tag chips and applies exact Korean tag filters","duration":97.4077500000003,"failureMessages":[],"meta":{},"tags":[]},{"ancestorTitles":["home screen"],"fullName":"home screen uses a tag-backed theme key for exact recipe filtering","status":"passed","title":"uses a tag-backed theme key for exact recipe filtering","duration":120.78250000000025,"failureMessages":[],"meta":{},"tags":[]},{"ancestorTitles":["home screen"],"fullName":"home screen opens the login gate from the recipe card save button for guests","status":"passed","title":"opens the login gate from the recipe card save button for guests","duration":114.80962499999987,"failureMessages":[],"meta":{},"tags":[]},{"ancestorTitles":["home screen"],"fullName":"home screen keeps the search debounce at 300ms","status":"passed","title":"keeps the search debounce at 300ms","duration":348.4596250000004,"failureMessages":[],"meta":{},"tags":[]},{"ancestorTitles":["home screen"],"fullName":"home screen uses an inline SortDropdown with the approved MVP/prototype sort contract","status":"passed","title":"uses an inline SortDropdown with the approved MVP/prototype sort contract","duration":151.85025000000041,"failureMessages":[],"meta":{},"tags":[]},{"ancestorTitles":["home screen"],"fullName":"home screen keeps themed recipes mounted and does not refetch themes when only sort changes","status":"passed","title":"keeps themed recipes mounted and does not refetch themes when only sort changes","duration":145.96833400000014,"failureMessages":[],"meta":{},"tags":[]},{"ancestorTitles":["home screen"],"fullName":"home screen shows the empty state when recipes and themes are empty","status":"passed","title":"shows the empty state when recipes and themes are empty","duration":108.22162500000013,"failureMessages":[],"meta":{},"tags":[]},{"ancestorTitles":["home screen"],"fullName":"home screen shows the desktop empty state when web recipes and themes are empty","status":"passed","title":"shows the desktop empty state when web recipes and themes are empty","duration":114.17100000000028,"failureMessages":[],"meta":{},"tags":[]},{"ancestorTitles":["home screen"],"fullName":"home screen keeps the recipe list visible when only themes fail","status":"passed","title":"keeps the recipe list visible when only themes fail","duration":169.91670900000008,"failureMessages":[],"meta":{},"tags":[]},{"ancestorTitles":["home screen"],"fullName":"home screen shows ready recipes while the discovery themes are still loading","status":"passed","title":"shows ready recipes while the discovery themes are still loading","duration":30.539458000000195,"failureMessages":[],"meta":{},"tags":[]},{"ancestorTitles":["home screen"],"fullName":"home screen shows a recipe error while the discovery themes are still loading","status":"passed","title":"shows a recipe error while the discovery themes are still loading","duration":63.485499999999774,"failureMessages":[],"meta":{},"tags":[]},{"ancestorTitles":["home screen"],"fullName":"home screen keeps the recipe skeleton after themes load first","status":"passed","title":"keeps the recipe skeleton after themes load first","duration":43.381249999999454,"failureMessages":[],"meta":{},"tags":[]},{"ancestorTitles":["home screen"],"fullName":"home screen shows the recipe error state when recipe loading fails","status":"passed","title":"shows the recipe error state when recipe loading fails","duration":79.39208299999973,"failureMessages":[],"meta":{},"tags":[]},{"ancestorTitles":["home screen"],"fullName":"home screen shows the desktop recipe error state with a retry action","status":"passed","title":"shows the desktop recipe error state with a retry action","duration":104.21875,"failureMessages":[],"meta":{},"tags":[]},{"ancestorTitles":["home screen"],"fullName":"home screen keeps the title search when clearing only the ingredient filter","status":"passed","title":"keeps the title search when clearing only the ingredient filter","duration":396.5050419999998,"failureMessages":[],"meta":{},"tags":[]},{"ancestorTitles":["home screen"],"fullName":"home screen positions the ingredient filter action under the mobile search field","status":"passed","title":"positions the ingredient filter action under the mobile search field","duration":53.94579200000044,"failureMessages":[],"meta":{},"tags":[]},{"ancestorTitles":["home screen"],"fullName":"home screen opens a mobile profile summary with records, level, notifications, and tutorial quest","status":"passed","title":"opens a mobile profile summary with records, level, notifications, and tutorial quest","duration":146.1560410000002,"failureMessages":[],"meta":{},"tags":[]},{"ancestorTitles":["home screen"],"fullName":"home screen opens the web profile summary from the fixed top navigation avatar","status":"passed","title":"opens the web profile summary from the fixed top navigation avatar","duration":185.37620799999968,"failureMessages":[],"meta":{},"tags":[]}],"startTime":1787587572311,"endTime":1787587578614.3762,"status":"passed","message":"","name":"/private/tmp/homecook-cml14-stage4.fqsXDJ/tests/home-screen.test.tsx"},{"assertionResults":[{"ancestorTitles":["MEAL_LOG deleted-column history"],"fullName":"MEAL_LOG deleted-column history keeps history visible but never exposes a deleted column as a new target","status":"passed","title":"keeps history visible but never exposes a deleted column as a new target","duration":294.5165420000001,"failureMessages":[],"meta":{},"tags":[]},{"ancestorTitles":["MEAL_LOG deleted-column history"],"fullName":"MEAL_LOG deleted-column history moves by exactly seven days through the existing Planner history helper","status":"passed","title":"moves by exactly seven days through the existing Planner history helper","duration":82.49962500000004,"failureMessages":[],"meta":{},"tags":[]}],"startTime":1787587572347,"endTime":1787587572723.4995,"status":"passed","message":"","name":"/private/tmp/homecook-cml14-stage4.fqsXDJ/tests/meal-log-ui-history.test.tsx"},{"assertionResults":[{"ancestorTitles":["MEAL_LOG day-first screen"],"fullName":"MEAL_LOG day-first screen replaces the placeholder with the selected-day intake surface","status":"passed","title":"replaces the placeholder with the selected-day intake surface","duration":178.28437499999995,"failureMessages":[],"meta":{},"tags":[]},{"ancestorTitles":["MEAL_LOG day-first screen"],"fullName":"MEAL_LOG day-first screen preserves the selected entry when another day marker read fails","status":"passed","title":"preserves the selected entry when another day marker read fails","duration":53.25237500000003,"failureMessages":[],"meta":{},"tags":[]},{"ancestorTitles":["MEAL_LOG day-first screen"],"fullName":"MEAL_LOG day-first screen shows the contracted empty state without fake zero nutrition totals","status":"passed","title":"shows the contracted empty state without fake zero nutrition totals","duration":22.007958000000144,"failureMessages":[],"meta":{},"tags":[]},{"ancestorTitles":["MEAL_LOG day-first screen"],"fullName":"MEAL_LOG day-first screen exposes one selected date radio with roving keyboard navigation and no edge wrapping","status":"passed","title":"exposes one selected date radio with roving keyboard navigation and no edge wrapping","duration":274.27945799999975,"failureMessages":[],"meta":{},"tags":[]},{"ancestorTitles":["MEAL_LOG day-first screen"],"fullName":"MEAL_LOG day-first screen keeps the latest keyboard date when an older navigation completes afterward","status":"passed","title":"keeps the latest keyboard date when an older navigation completes afterward","duration":199.3241250000001,"failureMessages":[],"meta":{},"tags":[]}],"startTime":1787587572160,"endTime":1787587572887.3242,"status":"passed","message":"","name":"/private/tmp/homecook-cml14-stage4.fqsXDJ/tests/meal-log-ui.test.tsx"},{"assertionResults":[{"ancestorTitles":["personal recipe editor endpoint contract boundaries"],"fullName":"personal recipe editor endpoint contract boundaries keeps legacy manual POST on the official manual payload only","status":"passed","title":"keeps legacy manual POST on the official manual payload only","duration":388.73075,"failureMessages":[],"meta":{},"tags":[]},{"ancestorTitles":["personal recipe editor endpoint contract boundaries"],"fullName":"personal recipe editor endpoint contract boundaries rejects mixed create modes and allows the strict personal-derived payload only","status":"passed","title":"rejects mixed create modes and allows the strict personal-derived payload only","duration":5.7379589999999325,"failureMessages":[],"meta":{},"tags":[]},{"ancestorTitles":["personal recipe editor endpoint contract boundaries"],"fullName":"personal recipe editor endpoint contract boundaries keeps the strict create-mode union and delegated derived writer on the official fields only","status":"passed","title":"keeps the strict create-mode union and delegated derived writer on the official fields only","duration":0.9335419999999885,"failureMessages":[],"meta":{},"tags":[]}],"startTime":1787587570693,"endTime":1787587571088.9336,"status":"passed","message":"","name":"/private/tmp/homecook-cml14-stage4.fqsXDJ/tests/personal-recipe-editor-contract.test.ts"},{"assertionResults":[{"ancestorTitles":["personal recipe editor dirty state"],"fullName":"personal recipe editor dirty state uses canonical content equality and includes tags, order and managed image state","status":"passed","title":"uses canonical content equality and includes tags, order and managed image state","duration":1.6084579999999278,"failureMessages":[],"meta":{},"tags":[]},{"ancestorTitles":["personal recipe editor dirty state"],"fullName":"personal recipe editor dirty state shares one accessible stay-or-discard guard for dirty exits","status":"passed","title":"shares one accessible stay-or-discard guard for dirty exits","duration":259.2985409999999,"failureMessages":[],"meta":{},"tags":[]},{"ancestorTitles":["personal recipe editor dirty state"],"fullName":"personal recipe editor dirty state does not steal focus before the discard dialog has opened","status":"passed","title":"does not steal focus before the discard dialog has opened","duration":2.3150410000000647,"failureMessages":[],"meta":{},"tags":[]},{"ancestorTitles":["personal recipe editor dirty state"],"fullName":"personal recipe editor dirty state does not claim discard success while owner cleanup failed","status":"passed","title":"does not claim discard success while owner cleanup failed","duration":32.18683299999998,"failureMessages":[],"meta":{},"tags":[]},{"ancestorTitles":["personal recipe editor dirty state"],"fullName":"personal recipe editor dirty state does not open the discard dialog while owner cleanup is running","status":"passed","title":"does not open the discard dialog while owner cleanup is running","duration":22.574082999999973,"failureMessages":[],"meta":{},"tags":[]}],"startTime":1787587571768,"endTime":1787587572085.574,"status":"passed","message":"","name":"/private/tmp/homecook-cml14-stage4.fqsXDJ/tests/personal-recipe-editor-dirty-state.test.tsx"},{"assertionResults":[{"ancestorTitles":["personal recipe editor media and tags"],"fullName":"personal recipe editor media and tags keeps managed object identity separate from its short presentation URL","status":"passed","title":"keeps managed object identity separate from its short presentation URL","duration":1.2666250000000048,"failureMessages":[],"meta":{},"tags":[]},{"ancestorTitles":["personal recipe editor media and tags"],"fullName":"personal recipe editor media and tags replays one owner-cancel intent with the same UUID after an ambiguous failure","status":"passed","title":"replays one owner-cancel intent with the same UUID after an ambiguous failure","duration":1.41591600000001,"failureMessages":[],"meta":{},"tags":[]},{"ancestorTitles":["personal recipe editor media and tags"],"fullName":"personal recipe editor media and tags never cancels an official attached_private image on shell unmount","status":"passed","title":"never cancels an official attached_private image on shell unmount","duration":0.3028340000000185,"failureMessages":[],"meta":{},"tags":[]},{"ancestorTitles":["personal recipe editor media and tags"],"fullName":"personal recipe editor media and tags never cancels an official attached_public_shared image on shell unmount","status":"passed","title":"never cancels an official attached_public_shared image on shell unmount","duration":0.2301249999999868,"failureMessages":[],"meta":{},"tags":[]},{"ancestorTitles":["personal recipe editor media and tags"],"fullName":"personal recipe editor media and tags turns a rejected owner cancel request into a recoverable failure","status":"passed","title":"turns a rejected owner cancel request into a recoverable failure","duration":0.1989590000000021,"failureMessages":[],"meta":{},"tags":[]},{"ancestorTitles":["personal recipe editor media and tags"],"fullName":"personal recipe editor media and tags reuses tag review payload rules and contains no browser Storage remove fallback","status":"passed","title":"reuses tag review payload rules and contains no browser Storage remove fallback","duration":1.0388329999999826,"failureMessages":[],"meta":{},"tags":[]},{"ancestorTitles":["personal recipe editor media and tags"],"fullName":"personal recipe editor media and tags keeps every shared mobile editor action at least 44px tall and wide","status":"passed","title":"keeps every shared mobile editor action at least 44px tall and wide","duration":2.0177920000000142,"failureMessages":[],"meta":{},"tags":[]}],"startTime":1787587570705,"endTime":1787587570711.0178,"status":"passed","message":"","name":"/private/tmp/homecook-cml14-stage4.fqsXDJ/tests/personal-recipe-editor-media-tags.test.tsx"},{"assertionResults":[{"ancestorTitles":["personal recipe editor navigation contract"],"fullName":"personal recipe editor navigation contract keeps planner-add as the only context with an automatic Meal side effect","status":"passed","title":"keeps planner-add as the only context with an automatic Meal side effect","duration":1.7069170000000042,"failureMessages":[],"meta":{},"tags":[]},{"ancestorTitles":["personal recipe editor navigation contract"],"fullName":"personal recipe editor navigation contract preserves same-id edit and immutable public fork semantics","status":"passed","title":"preserves same-id edit and immutable public fork semantics","duration":0.34174999999999045,"failureMessages":[],"meta":{},"tags":[]},{"ancestorTitles":["personal recipe editor navigation contract"],"fullName":"personal recipe editor navigation contract reserves personal-create without inventing an active entry route","status":"passed","title":"reserves personal-create without inventing an active entry route","duration":0.10058300000000031,"failureMessages":[],"meta":{},"tags":[]}],"startTime":1787587571581,"endTime":1787587571583.3418,"status":"passed","message":"","name":"/private/tmp/homecook-cml14-stage4.fqsXDJ/tests/personal-recipe-editor-navigation.test.tsx"},{"assertionResults":[{"ancestorTitles":["personal recipe editor shell"],"fullName":"personal recipe editor shell keeps pure form primitives independent from planner and persistence decisions","status":"passed","title":"keeps pure form primitives independent from planner and persistence decisions","duration":299.949791,"failureMessages":[],"meta":{},"tags":[]},{"ancestorTitles":["personal recipe editor shell"],"fullName":"personal recipe editor shell keeps context-specific identity actions in the shell","status":"passed","title":"keeps context-specific identity actions in the shell","duration":53.17583300000001,"failureMessages":[],"meta":{},"tags":[]},{"ancestorTitles":["personal recipe editor shell"],"fullName":"personal recipe editor shell owns fail-closed permission state and context destination","status":"passed","title":"owns fail-closed permission state and context destination","duration":36.56595799999991,"failureMessages":[],"meta":{},"tags":[]},{"ancestorTitles":["personal recipe editor shell"],"fullName":"personal recipe editor shell blocks duplicate submit while a durable save is pending","status":"passed","title":"blocks duplicate submit while a durable save is pending","duration":34.387541000000056,"failureMessages":[],"meta":{},"tags":[]},{"ancestorTitles":["personal recipe editor shell"],"fullName":"personal recipe editor shell blocks cancel and discard while a durable save is pending","status":"passed","title":"blocks cancel and discard while a durable save is pending","duration":42.73179200000004,"failureMessages":[],"meta":{},"tags":[]},{"ancestorTitles":["personal recipe editor shell"],"fullName":"personal recipe editor shell latches the first submit before the parent can rerender","status":"passed","title":"latches the first submit before the parent can rerender","duration":26.643041999999923,"failureMessages":[],"meta":{},"tags":[]},{"ancestorTitles":["personal recipe editor shell"],"fullName":"personal recipe editor shell rejects a submit intent that does not belong to the editor context","status":"passed","title":"rejects a submit intent that does not belong to the editor context","duration":23.263583000000153,"failureMessages":[],"meta":{},"tags":[]},{"ancestorTitles":["personal recipe editor shell"],"fullName":"personal recipe editor shell blocks shell submit while image cleanup is running or failed","status":"passed","title":"blocks shell submit while image cleanup is running or failed","duration":24.13883399999986,"failureMessages":[],"meta":{},"tags":[]},{"ancestorTitles":["personal recipe editor shell"],"fullName":"personal recipe editor shell disables owned-shell save actions while image cleanup is blocked","status":"passed","title":"disables owned-shell save actions while image cleanup is blocked","duration":36.84108400000014,"failureMessages":[],"meta":{},"tags":[]},{"ancestorTitles":["personal recipe editor shell"],"fullName":"personal recipe editor shell releases the submit latch when the async adapter rejects before submitting","status":"passed","title":"releases the submit latch when the async adapter rejects before submitting","duration":34.306041999999934,"failureMessages":[],"meta":{},"tags":[]},{"ancestorTitles":["personal recipe editor shell"],"fullName":"personal recipe editor shell makes the existing planner-add screen consume a shared form primitive","status":"passed","title":"makes the existing planner-add screen consume a shared form primitive","duration":0.7186249999999745,"failureMessages":[],"meta":{},"tags":[]}],"startTime":1787587571769,"endTime":1787587572381.7185,"status":"passed","message":"","name":"/private/tmp/homecook-cml14-stage4.fqsXDJ/tests/personal-recipe-editor-shell.test.tsx"},{"assertionResults":[{"ancestorTitles":["planner week screen Stage 4"],"fullName":"planner week screen Stage 4 preserves the exact segment/date deep link in the guest login return","status":"passed","title":"preserves the exact segment/date deep link in the guest login return","duration":131.17983299999992,"failureMessages":[],"meta":{},"tags":[]},{"ancestorTitles":["planner week screen Stage 4"],"fullName":"planner week screen Stage 4 renders the plan shell without calling or showing planner nutrition","status":"passed","title":"renders the plan shell without calling or showing planner nutrition","duration":132.44962499999997,"failureMessages":[],"meta":{},"tags":[]},{"ancestorTitles":["planner week screen Stage 4"],"fullName":"planner week screen Stage 4 keeps recipe meals in the selected-day detail with status-specific actions","status":"passed","title":"keeps recipe meals in the selected-day detail with status-specific actions","duration":142.23112500000002,"failureMessages":[],"meta":{},"tags":[]},{"ancestorTitles":["planner week screen Stage 4"],"fullName":"planner week screen Stage 4 loads the meal-log segment without requesting private planner data","status":"passed","title":"loads the meal-log segment without requesting private planner data","duration":113.30829199999994,"failureMessages":[],"meta":{},"tags":[]},{"ancestorTitles":["planner week screen Stage 4"],"fullName":"planner week screen Stage 4 keeps 1 configured meal columns associated with their empty slots","status":"passed","title":"keeps 1 configured meal columns associated with their empty slots","duration":31.307542000000012,"failureMessages":[],"meta":{},"tags":[]},{"ancestorTitles":["planner week screen Stage 4"],"fullName":"planner week screen Stage 4 keeps 3 configured meal columns associated with their empty slots","status":"passed","title":"keeps 3 configured meal columns associated with their empty slots","duration":29.392417000000023,"failureMessages":[],"meta":{},"tags":[]},{"ancestorTitles":["planner week screen Stage 4"],"fullName":"planner week screen Stage 4 keeps 5 configured meal columns associated with their empty slots","status":"passed","title":"keeps 5 configured meal columns associated with their empty slots","duration":26.351124999999683,"failureMessages":[],"meta":{},"tags":[]},{"ancestorTitles":["planner week screen Stage 4"],"fullName":"planner week screen Stage 4 keeps legacy products separate and supports detail/delete only","status":"passed","title":"keeps legacy products separate and supports detail/delete only","duration":357.7370420000002,"failureMessages":[],"meta":{},"tags":[]},{"ancestorTitles":["planner week screen Stage 4"],"fullName":"planner week screen Stage 4 preserves loading geometry and exposes a scoped retry on load error","status":"passed","title":"preserves loading geometry and exposes a scoped retry on load error","duration":154.6293340000002,"failureMessages":[],"meta":{},"tags":[]},{"ancestorTitles":["planner week screen Stage 4"],"fullName":"planner week screen Stage 4 moves one week and records the destination date in browser history","status":"passed","title":"moves one week and records the destination date in browser history","duration":116.27574999999979,"failureMessages":[],"meta":{},"tags":[]},{"ancestorTitles":["planner week screen Stage 4"],"fullName":"planner week screen Stage 4 loads the week containing an out-of-range date on a cold deep link","status":"passed","title":"loads the week containing an out-of-range date on a cold deep link","duration":53.96333400000003,"failureMessages":[],"meta":{},"tags":[]},{"ancestorTitles":["planner week screen Stage 4"],"fullName":"planner week screen Stage 4 reloads the URL date week when browser Back restores an earlier range","status":"passed","title":"reloads the URL date week when browser Back restores an earlier range","duration":164.1169579999996,"failureMessages":[],"meta":{},"tags":[]},{"ancestorTitles":["planner week screen Stage 4"],"fullName":"planner week screen Stage 4 treats the selected date as a no-op before browser Back restores the previous week","status":"passed","title":"treats the selected date as a no-op before browser Back restores the previous week","duration":217.09295799999973,"failureMessages":[],"meta":{},"tags":[]},{"ancestorTitles":["planner week screen Stage 4"],"fullName":"planner week screen Stage 4 does not reload planner data for same-week segment and date URL changes","status":"passed","title":"does not reload planner data for same-week segment and date URL changes","duration":91.25366699999995,"failureMessages":[],"meta":{},"tags":[]},{"ancestorTitles":["planner week screen Stage 4"],"fullName":"planner week screen Stage 4 does not push duplicate history entries during repeated Back and Forward sync","status":"passed","title":"does not push duplicate history entries during repeated Back and Forward sync","duration":81.46441700000014,"failureMessages":[],"meta":{},"tags":[]}],"startTime":1787587572020,"endTime":1787587573863.4644,"status":"passed","message":"","name":"/private/tmp/homecook-cml14-stage4.fqsXDJ/tests/planner-week-screen.test.tsx"},{"assertionResults":[{"ancestorTitles":["recipe detail personal actions"],"fullName":"recipe detail personal actions keeps every personal entry dark while the capability is off","status":"passed","title":"keeps every personal entry dark while the capability is off","duration":13.43404200000009,"failureMessages":[],"meta":{},"tags":[]},{"ancestorTitles":["recipe detail personal actions"],"fullName":"recipe detail personal actions renders public fork as a secondary action and preserves login intent","status":"passed","title":"renders public fork as a secondary action and preserves login intent","duration":112.85087499999986,"failureMessages":[],"meta":{},"tags":[]},{"ancestorTitles":["recipe detail personal actions"],"fullName":"recipe detail personal actions keeps owner edit secondary and delete in a separate destructive row","status":"passed","title":"keeps owner edit secondary and delete in a separate destructive row","duration":36.206333000000086,"failureMessages":[],"meta":{},"tags":[]},{"ancestorTitles":["recipe detail personal actions"],"fullName":"recipe detail personal actions fails closed for loading without revealing a CTA","status":"passed","title":"fails closed for loading without revealing a CTA","duration":1.3919169999999212,"failureMessages":[],"meta":{},"tags":[]},{"ancestorTitles":["recipe detail personal actions"],"fullName":"recipe detail personal actions fails closed for other-owner-private without revealing a CTA","status":"passed","title":"fails closed for other-owner-private without revealing a CTA","duration":0.9671660000001339,"failureMessages":[],"meta":{},"tags":[]},{"ancestorTitles":["recipe detail personal actions"],"fullName":"recipe detail personal actions fails closed for deleted without revealing a CTA","status":"passed","title":"fails closed for deleted without revealing a CTA","duration":0.6793330000000424,"failureMessages":[],"meta":{},"tags":[]},{"ancestorTitles":["recipe detail personal actions"],"fullName":"recipe detail personal actions fails closed for quarantined without revealing a CTA","status":"passed","title":"fails closed for quarantined without revealing a CTA","duration":0.8365420000000086,"failureMessages":[],"meta":{},"tags":[]},{"ancestorTitles":["recipe detail personal actions"],"fullName":"recipe detail personal actions fails closed for not-found without revealing a CTA","status":"passed","title":"fails closed for not-found without revealing a CTA","duration":0.6803330000000187,"failureMessages":[],"meta":{},"tags":[]},{"ancestorTitles":["recipe detail personal actions"],"fullName":"recipe detail personal actions gates the actual owner editor on the server-projected edit context","status":"passed","title":"gates the actual owner editor on the server-projected edit context","duration":1.9708749999999782,"failureMessages":[],"meta":{},"tags":[]},{"ancestorTitles":["recipe detail personal actions"],"fullName":"recipe detail personal actions keeps the QA future-impact fallback behind an explicit query plus client fixture gate","status":"passed","title":"keeps the QA future-impact fallback behind an explicit query plus client fixture gate","duration":0.7009160000000065,"failureMessages":[],"meta":{},"tags":[]},{"ancestorTitles":["recipe detail personal actions"],"fullName":"recipe detail personal actions wires owner delete through a dedicated confirm dialog and stable request flow","status":"passed","title":"wires owner delete through a dedicated confirm dialog and stable request flow","duration":1.1887500000000273,"failureMessages":[],"meta":{},"tags":[]}],"startTime":1787587571651,"endTime":1787587571822.1887,"status":"passed","message":"","name":"/private/tmp/homecook-cml14-stage4.fqsXDJ/tests/recipe-detail-personal-actions.test.tsx"},{"assertionResults":[{"ancestorTitles":["recipe detail screen"],"fullName":"recipe detail screen places nutrition after the serving control and updates selected totals","status":"passed","title":"places nutrition after the serving control and updates selected totals","duration":285.57129199999986,"failureMessages":[],"meta":{},"tags":[]},{"ancestorTitles":["recipe detail screen"],"fullName":"recipe detail screen retries only nutrition while preserving the recipe body and fixed CTA","status":"passed","title":"retries only nutrition while preserving the recipe body and fixed CTA","duration":134.4839579999998,"failureMessages":[],"meta":{},"tags":[]},{"ancestorTitles":["recipe detail screen"],"fullName":"recipe detail screen replaces the existing standalone CTA in place while snapshot start is pending","status":"passed","title":"replaces the existing standalone CTA in place while snapshot start is pending","duration":118.19524999999976,"failureMessages":[],"meta":{},"tags":[]},{"ancestorTitles":["recipe detail screen"],"fullName":"recipe detail screen sends the owner-edited full draft unchanged from impact preview to PATCH","status":"passed","title":"sends the owner-edited full draft unchanged from impact preview to PATCH","duration":431.68825000000015,"failureMessages":[],"meta":{},"tags":[]},{"ancestorTitles":["recipe detail screen"],"fullName":"recipe detail screen isolates the owner editor focus, background, scroll, and dirty-close boundary","status":"passed","title":"isolates the owner editor focus, background, scroll, and dirty-close boundary","duration":360.5595830000002,"failureMessages":[],"meta":{},"tags":[]},{"ancestorTitles":["recipe detail screen"],"fullName":"recipe detail screen restores the owner draft and resumes its original impact preview after login","status":"passed","title":"restores the owner draft and resumes its original impact preview after login","duration":75.10266600000023,"failureMessages":[],"meta":{},"tags":[]},{"ancestorTitles":["recipe detail screen"],"fullName":"recipe detail screen restores the owner draft for save-as-new after login without auto-resuming same-id impact preview","status":"passed","title":"restores the owner draft for save-as-new after login without auto-resuming same-id impact preview","duration":110.51383299999998,"failureMessages":[],"meta":{},"tags":[]},{"ancestorTitles":["recipe detail screen"],"fullName":"recipe detail screen opens the existing login gate with the edited draft when impact preview returns 401","status":"passed","title":"opens the existing login gate with the edited draft when impact preview returns 401","duration":330.2320420000001,"failureMessages":[],"meta":{},"tags":[]},{"ancestorTitles":["recipe detail screen"],"fullName":"recipe detail screen reopens the auth gate for '401 unauthorized owner save-as-new' without switching the intent back to same-id save","status":"passed","title":"reopens the auth gate for '401 unauthorized owner save-as-new' without switching the intent back to same-id save","duration":248.6519589999998,"failureMessages":[],"meta":{},"tags":[]},{"ancestorTitles":["recipe detail screen"],"fullName":"recipe detail screen reopens the auth gate for '409 stale owner save-as-new' without switching the intent back to same-id save","status":"passed","title":"reopens the auth gate for '409 stale owner save-as-new' without switching the intent back to same-id save","duration":251.4341669999999,"failureMessages":[],"meta":{},"tags":[]},{"ancestorTitles":["recipe detail screen"],"fullName":"recipe detail screen keeps the owner QA future-impact fixture explicit and client-gated while legacy mode stays fail closed by default","status":"passed","title":"keeps the owner QA future-impact fixture explicit and client-gated while legacy mode stays fail closed by default","duration":99.77595900000051,"failureMessages":[],"meta":{},"tags":[]},{"ancestorTitles":["recipe detail screen"],"fullName":"recipe detail screen reopens the auth gate for '401 unauthorized owner delete' without auto-deleting","status":"passed","title":"reopens the auth gate for '401 unauthorized owner delete' without auto-deleting","duration":162.55670799999916,"failureMessages":[],"meta":{},"tags":[]},{"ancestorTitles":["recipe detail screen"],"fullName":"recipe detail screen reopens the auth gate for '409 stale owner delete' without auto-deleting","status":"passed","title":"reopens the auth gate for '409 stale owner delete' without auto-deleting","duration":165.6419590000005,"failureMessages":[],"meta":{},"tags":[]},{"ancestorTitles":["recipe detail screen"],"fullName":"recipe detail screen keeps non-session 409 delete failures inside the confirmation dialog","status":"passed","title":"keeps non-session 409 delete failures inside the confirmation dialog","duration":136.24733299999934,"failureMessages":[],"meta":{},"tags":[]},{"ancestorTitles":["recipe detail screen"],"fullName":"recipe detail screen reopens the delete confirmation after login return without auto-submitting deletion","status":"passed","title":"reopens the delete confirmation after login return without auto-submitting deletion","duration":84.99416700000074,"failureMessages":[],"meta":{},"tags":[]},{"ancestorTitles":["recipe detail screen"],"fullName":"recipe detail screen shows the public fork CTA in snapshot_v2 and opens the projected editor after login","status":"passed","title":"shows the public fork CTA in snapshot_v2 and opens the projected editor after login","duration":92.86499999999978,"failureMessages":[],"meta":{},"tags":[]},{"ancestorTitles":["recipe detail screen"],"fullName":"recipe detail screen stores only recipe-fork login intent for unauthenticated public fork","status":"passed","title":"stores only recipe-fork login intent for unauthenticated public fork","duration":80.64541699999972,"failureMessages":[],"meta":{},"tags":[]},{"ancestorTitles":["recipe detail screen"],"fullName":"recipe detail screen reopens the public fork editor after login return only when fresh fork context exists","status":"passed","title":"reopens the public fork editor after login return only when fresh fork context exists","duration":42.81679199999962,"failureMessages":[],"meta":{},"tags":[]},{"ancestorTitles":["recipe detail screen"],"fullName":"recipe detail screen keeps the public fork editor behind the explicit QA query boundary when server fork context is absent","status":"passed","title":"keeps the public fork editor behind the explicit QA query boundary when server fork context is absent","duration":143.38745800000015,"failureMessages":[],"meta":{},"tags":[]},{"ancestorTitles":["recipe detail screen"],"fullName":"recipe detail screen adds explicit save-as-new alongside the owner edit flow","status":"passed","title":"adds explicit save-as-new alongside the owner edit flow","duration":134.6576669999995,"failureMessages":[],"meta":{},"tags":[]},{"ancestorTitles":["recipe detail screen"],"fullName":"recipe detail screen does not expose the personal editor for 'unauthenticated owner response'","status":"passed","title":"does not expose the personal editor for 'unauthenticated owner response'","duration":57.030792000000474,"failureMessages":[],"meta":{},"tags":[]},{"ancestorTitles":["recipe detail screen"],"fullName":"recipe detail screen does not expose the personal editor for 'legacy projection'","status":"passed","title":"does not expose the personal editor for 'legacy projection'","duration":45.73895799999991,"failureMessages":[],"meta":{},"tags":[]},{"ancestorTitles":["recipe detail screen"],"fullName":"recipe detail screen does not expose the personal editor for 'non-owner snapshot response'","status":"passed","title":"does not expose the personal editor for 'non-owner snapshot response'","duration":48.83866600000056,"failureMessages":[],"meta":{},"tags":[]},{"ancestorTitles":["recipe detail screen"],"fullName":"recipe detail screen keeps the selected servings after a nutrition-only retry succeeds","status":"passed","title":"keeps the selected servings after a nutrition-only retry succeeds","duration":147.4989999999998,"failureMessages":[],"meta":{},"tags":[]},{"ancestorTitles":["recipe detail screen"],"fullName":"recipe detail screen ignores a late nutrition retry from the previous recipe","status":"passed","title":"ignores a late nutrition retry from the previous recipe","duration":107.36829099999977,"failureMessages":[],"meta":{},"tags":[]},{"ancestorTitles":["recipe detail screen"],"fullName":"recipe detail screen ignores a late initial detail response from the previous recipe","status":"passed","title":"ignores a late initial detail response from the previous recipe","duration":33.14091600000029,"failureMessages":[],"meta":{},"tags":[]},{"ancestorTitles":["recipe detail screen"],"fullName":"recipe detail screen keeps the mobile back button touch target at least 44px","status":"passed","title":"keeps the mobile back button touch target at least 44px","duration":42.210417000000234,"failureMessages":[],"meta":{},"tags":[]},{"ancestorTitles":["recipe detail screen"],"fullName":"recipe detail screen keeps the soft nutrition error and recipe body when retry fails","status":"passed","title":"keeps the soft nutrition error and recipe body when retry fails","duration":130.9207919999999,"failureMessages":[],"meta":{},"tags":[]},{"ancestorTitles":["recipe detail screen"],"fullName":"recipe detail screen opens the login gate when a protected action is clicked by a guest","status":"passed","title":"opens the login gate when a protected action is clicked by a guest","duration":111.95579199999975,"failureMessages":[],"meta":{},"tags":[]},{"ancestorTitles":["recipe detail screen"],"fullName":"recipe detail screen opens the web profile summary from the top avatar without linking to mypage","status":"passed","title":"opens the web profile summary from the top avatar without linking to mypage","duration":80.87508400000024,"failureMessages":[],"meta":{},"tags":[]},{"ancestorTitles":["recipe detail screen"],"fullName":"recipe detail screen keeps recipe detail loading inside the desktop shell","status":"passed","title":"keeps recipe detail loading inside the desktop shell","duration":23.52312499999971,"failureMessages":[],"meta":{},"tags":[]},{"ancestorTitles":["recipe detail screen"],"fullName":"recipe detail screen uses return context for the desktop breadcrumb back link","status":"passed","title":"uses return context for the desktop breadcrumb back link","duration":71.0180419999997,"failureMessages":[],"meta":{},"tags":[]},{"ancestorTitles":["recipe detail screen"],"fullName":"recipe detail screen shows recipe detail load errors on the prototype-derived state shell","status":"passed","title":"shows recipe detail load errors on the prototype-derived state shell","duration":18.244125000000167,"failureMessages":[],"meta":{},"tags":[]},{"ancestorTitles":["recipe detail screen"],"fullName":"recipe detail screen shows a not-found state for missing recipe detail routes","status":"passed","title":"shows a not-found state for missing recipe detail routes","duration":23.16699999999946,"failureMessages":[],"meta":{},"tags":[]},{"ancestorTitles":["recipe detail screen"],"fullName":"recipe detail screen blocks unsafe public recipe detail titles","status":"passed","title":"blocks unsafe public recipe detail titles","duration":14.337333000000399,"failureMessages":[],"meta":{},"tags":[]},{"ancestorTitles":["recipe detail screen"],"fullName":"recipe detail screen filters unsafe recipe detail tags","status":"passed","title":"filters unsafe recipe detail tags","duration":28.07458399999996,"failureMessages":[],"meta":{},"tags":[]},{"ancestorTitles":["recipe detail screen"],"fullName":"recipe detail screen keeps a single share action and places interactive chips above the ingredient section","status":"passed","title":"keeps a single share action and places interactive chips above the ingredient section","duration":92.03462500000023,"failureMessages":[],"meta":{},"tags":[]},{"ancestorTitles":["recipe detail screen"],"fullName":"recipe detail screen keeps the overview metrics row compact so hero actions stay closer to the first fold","status":"passed","title":"keeps the overview metrics row compact so hero actions stay closer to the first fold","duration":47.57570899999973,"failureMessages":[],"meta":{},"tags":[]},{"ancestorTitles":["recipe detail screen"],"fullName":"recipe detail screen removes internal scaffolding cards and places primary CTA in a sticky bottom bar","status":"passed","title":"removes internal scaffolding cards and places primary CTA in a sticky bottom bar","duration":77.25833299999977,"failureMessages":[],"meta":{},"tags":[]},{"ancestorTitles":["recipe detail screen"],"fullName":"recipe detail screen routes the recipe cook CTA to standalone cook mode with selected servings","status":"passed","title":"routes the recipe cook CTA to standalone cook mode with selected servings","duration":60.57487500000025,"failureMessages":[],"meta":{},"tags":[]},{"ancestorTitles":["recipe detail screen"],"fullName":"recipe detail screen uses level-one page headings and 44px touch targets for the hero actions","status":"passed","title":"uses level-one page headings and 44px touch targets for the hero actions","duration":65.49983299999985,"failureMessages":[],"meta":{},"tags":[]},{"ancestorTitles":["recipe detail screen"],"fullName":"recipe detail screen labels the undeveloped review tab as a coming-soon feature","status":"passed","title":"labels the undeveloped review tab as a coming-soon feature","duration":56.103917000000365,"failureMessages":[],"meta":{},"tags":[]},{"ancestorTitles":["recipe detail screen"],"fullName":"recipe detail screen marks TO_TASTE ingredients with a readable helper badge","status":"passed","title":"marks TO_TASTE ingredients with a readable helper badge","duration":17.366791999999805,"failureMessages":[],"meta":{},"tags":[]},{"ancestorTitles":["recipe detail screen"],"fullName":"recipe detail screen disables the like button while pending and updates the count from the API response","status":"passed","title":"disables the like button while pending and updates the count from the API response","duration":136.08637499999986,"failureMessages":[],"meta":{},"tags":[]},{"ancestorTitles":["recipe detail screen"],"fullName":"recipe detail screen shows error feedback and keeps the previous like state when the request fails","status":"passed","title":"shows error feedback and keeps the previous like state when the request fails","duration":112.9672500000006,"failureMessages":[],"meta":{},"tags":[]},{"ancestorTitles":["recipe detail screen"],"fullName":"recipe detail screen replays the pending like action after login and clears it","status":"passed","title":"replays the pending like action after login and clears it","duration":51.86524999999983,"failureMessages":[],"meta":{},"tags":[]},{"ancestorTitles":["recipe detail screen"],"fullName":"recipe detail screen replays the pending like action from the server-authenticated callback state","status":"passed","title":"replays the pending like action from the server-authenticated callback state","duration":22.87383299999965,"failureMessages":[],"meta":{},"tags":[]},{"ancestorTitles":["recipe detail screen"],"fullName":"recipe detail screen opens the save modal with recipe books for authenticated users","status":"passed","title":"opens the save modal with recipe books for authenticated users","duration":137.1934169999995,"failureMessages":[],"meta":{},"tags":[]},{"ancestorTitles":["recipe detail screen"],"fullName":"recipe detail screen shows the save modal shell immediately and reopens from cached books","status":"passed","title":"shows the save modal shell immediately and reopens from cached books","duration":242.96879099999933,"failureMessages":[],"meta":{},"tags":[]},{"ancestorTitles":["recipe detail screen"],"fullName":"recipe detail screen renders save modal without recipe preview and with prototype footer copy","status":"passed","title":"renders save modal without recipe preview and with prototype footer copy","duration":117.45054199999959,"failureMessages":[],"meta":{},"tags":[]},{"ancestorTitles":["recipe detail screen"],"fullName":"recipe detail screen shows load error UI and retries recipe-book loading","status":"passed","title":"shows load error UI and retries recipe-book loading","duration":153.77983399999994,"failureMessages":[],"meta":{},"tags":[]},{"ancestorTitles":["recipe detail screen"],"fullName":"recipe detail screen lets already-saved books be unchecked and applies removal on final save","status":"passed","title":"lets already-saved books be unchecked and applies removal on final save","duration":200.4844580000008,"failureMessages":[],"meta":{},"tags":[]},{"ancestorTitles":["recipe detail screen"],"fullName":"recipe detail screen uses the recipe thumbnail for the mobile hero and shows icon-count hero actions","status":"passed","title":"uses the recipe thumbnail for the mobile hero and shows icon-count hero actions","duration":49.67725000000064,"failureMessages":[],"meta":{},"tags":[]},{"ancestorTitles":["recipe detail screen"],"fullName":"recipe detail screen creates a custom recipe book and saves the recipe","status":"passed","title":"creates a custom recipe book and saves the recipe","duration":357.08970899999986,"failureMessages":[],"meta":{},"tags":[]},{"ancestorTitles":["recipe detail screen"],"fullName":"recipe detail screen keeps the save modal open and shows an error when save fails","status":"passed","title":"keeps the save modal open and shows an error when save fails","duration":141.21650000000045,"failureMessages":[],"meta":{},"tags":[]},{"ancestorTitles":["recipe detail screen"],"fullName":"recipe detail screen replays the pending save action after login by reopening the save modal","status":"passed","title":"replays the pending save action after login by reopening the save modal","duration":58.42900000000009,"failureMessages":[],"meta":{},"tags":[]},{"ancestorTitles":["recipe detail screen"],"fullName":"recipe detail screen replays the pending save action from the server-authenticated callback state","status":"passed","title":"replays the pending save action from the server-authenticated callback state","duration":56.20512500000041,"failureMessages":[],"meta":{},"tags":[]},{"ancestorTitles":["recipe detail screen"],"fullName":"recipe detail screen shows OAuth failure feedback from the callback query string","status":"passed","title":"shows OAuth failure feedback from the callback query string","duration":19.153290999998717,"failureMessages":[],"meta":{},"tags":[]},{"ancestorTitles":["recipe detail screen"],"fullName":"recipe detail screen shows a toast with target date and meal slot name after a successful planner add","status":"passed","title":"shows a toast with target date and meal slot name after a successful planner add","duration":160.5873329999995,"failureMessages":[],"meta":{},"tags":[]},{"ancestorTitles":["recipe detail screen"],"fullName":"recipe detail screen displays larger hero like and save actions without the cook count","status":"passed","title":"displays larger hero like and save actions without the cook count","duration":47.472999999999956,"failureMessages":[],"meta":{},"tags":[]},{"ancestorTitles":["recipe detail screen"],"fullName":"recipe detail screen renders the bottom sticky CTA with planner-add and cook buttons","status":"passed","title":"renders the bottom sticky CTA with planner-add and cook buttons","duration":75.917958,"failureMessages":[],"meta":{},"tags":[]},{"ancestorTitles":["recipe detail screen"],"fullName":"recipe detail screen renders cooking step instructions with text-base font size","status":"passed","title":"renders cooking step instructions with text-base font size","duration":51.1557499999999,"failureMessages":[],"meta":{},"tags":[]},{"ancestorTitles":["recipe detail screen"],"fullName":"recipe detail screen shows component labels as section headings on ingredients and steps","status":"passed","title":"shows component labels as section headings on ingredients and steps","duration":56.124667000000045,"failureMessages":[],"meta":{},"tags":[]},{"ancestorTitles":["recipe detail screen"],"fullName":"recipe detail screen does not display view_count in the metrics area","status":"passed","title":"does not display view_count in the metrics area","duration":27.44154200000048,"failureMessages":[],"meta":{},"tags":[]},{"ancestorTitles":["recipe detail screen"],"fullName":"recipe detail screen shows tag chips when recipe has tags","status":"passed","title":"shows tag chips when recipe has tags","duration":27.53833300000042,"failureMessages":[],"meta":{},"tags":[]},{"ancestorTitles":["recipe detail screen"],"fullName":"recipe detail screen hides the tag row entirely when recipe has no tags","status":"passed","title":"hides the tag row entirely when recipe has no tags","duration":25.26758399999926,"failureMessages":[],"meta":{},"tags":[]},{"ancestorTitles":["recipe detail screen"],"fullName":"recipe detail screen shows YouTube source note for youtube recipes","status":"passed","title":"shows YouTube source note for youtube recipes","duration":21.281333000000814,"failureMessages":[],"meta":{},"tags":[]},{"ancestorTitles":["recipe detail screen"],"fullName":"recipe detail screen places the mobile YouTube source note above the title and active source tag below the title","status":"passed","title":"places the mobile YouTube source note above the title and active source tag below the title","duration":49.955917000001136,"failureMessages":[],"meta":{},"tags":[]},{"ancestorTitles":["recipe detail screen"],"fullName":"recipe detail screen replaces the mobile time row with servings, planner count, and cook count summary","status":"passed","title":"replaces the mobile time row with servings, planner count, and cook count summary","duration":27.738790999999765,"failureMessages":[],"meta":{},"tags":[]},{"ancestorTitles":["recipe detail screen"],"fullName":"recipe detail screen matches mobile cooking method chips to the web treatment without left card rails","status":"passed","title":"matches mobile cooking method chips to the web treatment without left card rails","duration":51.82591599999978,"failureMessages":[],"meta":{},"tags":[]},{"ancestorTitles":["recipe detail screen"],"fullName":"recipe detail screen adds horizontal breathing room to mobile ingredient rows","status":"passed","title":"adds horizontal breathing room to mobile ingredient rows","duration":21.194625000000087,"failureMessages":[],"meta":{},"tags":[]},{"ancestorTitles":["recipe detail screen"],"fullName":"recipe detail screen uses the desktop YouTube source tag as the original video link and hides the old description copy","status":"passed","title":"uses the desktop YouTube source tag as the original video link and hides the old description copy","duration":63.8104170000006,"failureMessages":[],"meta":{},"tags":[]},{"ancestorTitles":["recipe detail screen"],"fullName":"recipe detail screen shows every filtered desktop tag so HOME hidden counts can be resolved in detail","status":"passed","title":"shows every filtered desktop tag so HOME hidden counts can be resolved in detail","duration":57.97983299999942,"failureMessages":[],"meta":{},"tags":[]},{"ancestorTitles":["recipe detail screen"],"fullName":"recipe detail screen keeps desktop recipe photos to one tile when only one registered photo exists","status":"passed","title":"keeps desktop recipe photos to one tile when only one registered photo exists","duration":102.85879099999875,"failureMessages":[],"meta":{},"tags":[]},{"ancestorTitles":["recipe detail screen"],"fullName":"recipe detail screen shows desktop public recipe photo candidates as a gallery","status":"passed","title":"shows desktop public recipe photo candidates as a gallery","duration":91.10908300000119,"failureMessages":[],"meta":{},"tags":[]},{"ancestorTitles":["recipe detail screen"],"fullName":"recipe detail screen moves desktop engagement counts into the summary row and removes duplicate rail stats","status":"passed","title":"moves desktop engagement counts into the summary row and removes duplicate rail stats","duration":59.66658300000017,"failureMessages":[],"meta":{},"tags":[]},{"ancestorTitles":["recipe detail screen"],"fullName":"recipe detail screen lays out desktop ingredients as a compact column next to wider steps","status":"passed","title":"lays out desktop ingredients as a compact column next to wider steps","duration":59.89300000000003,"failureMessages":[],"meta":{},"tags":[]},{"ancestorTitles":["recipe detail screen"],"fullName":"recipe detail screen does not show YouTube source note for non-youtube recipes","status":"passed","title":"does not show YouTube source note for non-youtube recipes","duration":25.756250000000364,"failureMessages":[],"meta":{},"tags":[]}],"startTime":1787587572313,"endTime":1787587580166.7563,"status":"passed","message":"","name":"/private/tmp/homecook-cml14-stage4.fqsXDJ/tests/recipe-detail-screen.test.tsx"}]}